2025-05-06 10:37:01,299:INFO:Initializing load_model()
2025-05-06 10:37:01,301:INFO:load_model(verbose=True, authentication=None, platform=None, model_name=FirstTrain)
2025-05-06 10:39:21,904:INFO:Initializing load_model()
2025-05-06 10:39:21,904:INFO:load_model(verbose=True, authentication=None, platform=None, model_name=FirstTrain)
2025-05-06 10:39:54,718:INFO:Initializing load_model()
2025-05-06 10:39:54,718:INFO:load_model(verbose=True, authentication=None, platform=None, model_name=FirstTrain)
2025-05-06 10:41:05,038:INFO:PyCaret Supervised Module
2025-05-06 10:41:05,038:INFO:ML Usecase: regression
2025-05-06 10:41:05,038:INFO:version 2.3.10
2025-05-06 10:41:05,038:INFO:Initializing setup()
2025-05-06 10:41:05,038:INFO:setup(display=None, profile_kwargs=None, profile=False, verbose=True, silent=False, log_data=False, log_profile=False, log_plots=False, experiment_custom_tags=None, experiment_name=None, log_experiment=False, session_id=987, html=True, custom_pipeline=None, use_gpu=False, n_jobs=-1, fold_groups=None, fold_shuffle=False, fold=13, fold_strategy=kfold, data_split_stratify=False, data_split_shuffle=True, transform_target_method=box-cox, transform_target=False, fix_imbalance_method=None, fix_imbalance=False, interaction_threshold=0.01, feature_ratio=False, feature_interaction=False, feature_selection_method=classic, feature_selection_threshold=0.8, feature_selection=False, group_names=None, group_features=None, polynomial_threshold=0.1, trigonometry_features=False, polynomial_degree=2, polynomial_features=False, cluster_iter=20, create_clusters=False, remove_perfect_collinearity=True, multicollinearity_threshold=0.9, remove_multicollinearity=False, outliers_threshold=0.05, remove_outliers=False, bin_numeric_features=None, rare_level_threshold=0.1, combine_rare_levels=False, ignore_low_variance=False, pca_components=None, pca_method=linear, pca=False, unknown_categorical_method=least_frequent, handle_unknown_categorical=True, transformation_method=yeo-johnson, transformation=False, normalize_method=minmax, normalize=False, ignore_features=None, date_features=None, numeric_iterative_imputer=lightgbm, numeric_imputation=mean, numeric_features=None, high_cardinality_method=frequency, high_cardinality_features=None, ordinal_features=None, categorical_iterative_imputer=lightgbm, categorical_imputation=constant, categorical_features=None, iterative_imputation_iters=5, imputation_type=simple, preprocess=False, test_data=None, train_size=0.9, available_plots={'parameter': 'Hyperparameters', 'residuals': 'Residuals', 'error': 'Prediction Error', 'cooks': 'Cooks Distance', 'rfe': 'Feature Selection', 'learning': 'Learning Curve', 'manifold': 'Manifold Learning', 'vc': 'Validation Curve', 'feature': 'Feature Importance', 'feature_all': 'Feature Importance (All)', 'tree': 'Decision Tree', 'residuals_interactive': 'Interactive Residuals'}, ml_usecase=regression, target=SalePrice)
2025-05-06 10:41:05,038:INFO:Checking environment
2025-05-06 10:41:05,038:INFO:python_version: 3.6.13
2025-05-06 10:41:05,038:INFO:python_build: ('default', 'Mar 16 2021 11:37:27')
2025-05-06 10:41:05,038:INFO:machine: AMD64
2025-05-06 10:41:05,042:INFO:platform: Windows-10-10.0.26100-SP0
2025-05-06 10:41:05,042:WARNING:cannot find psutil installation. memory not traceable. Install psutil using pip to enable memory logging.
2025-05-06 10:41:05,042:INFO:Checking libraries
2025-05-06 10:41:05,042:INFO:pd==1.1.5
2025-05-06 10:41:05,042:INFO:numpy==1.19.5
2025-05-06 10:41:05,042:INFO:sklearn==0.23.2
2025-05-06 10:41:05,042:INFO:lightgbm==4.3.0
2025-05-06 10:41:05,042:WARNING:catboost not found
2025-05-06 10:41:05,180:INFO:xgboost==1.5.2
2025-05-06 10:41:05,180:INFO:mlflow==1.23.1
2025-05-06 10:41:05,180:INFO:Checking Exceptions
2025-05-06 10:41:05,180:INFO:Declaring global variables
2025-05-06 10:41:05,180:INFO:USI: fa32
2025-05-06 10:41:05,180:INFO:pycaret_globals: {'display_container', 'html_param', 'transform_target_method_param', 'imputation_regressor', 'n_jobs_param', 'pycaret_globals', 'prep_pipe', 'transform_target_param', 'y_test', '_all_models', 'master_model_container', 'X_test', '_all_metrics', 'X', 'fold_groups_param_full', 'USI', 'dashboard_logger', 'fold_generator', 'stratify_param', '_internal_pipeline', 'logging_param', 'imputation_classifier', '_all_models_internal', 'fold_shuffle_param', 'fold_groups_param', 'fold_param', '_available_plots', 'experiment__', 'iterative_imputation_iters_param', 'fix_imbalance_param', 'seed', 'target_param', '_ml_usecase', 'y_train', 'gpu_param', 'exp_name_log', 'X_train', '_gpu_n_jobs_param', 'fix_imbalance_method_param', 'create_model_container', 'log_plots_param', 'data_before_preprocess', 'y'}
2025-05-06 10:41:05,180:INFO:Preparing display monitor
2025-05-06 10:41:05,180:INFO:Preparing display monitor
2025-05-06 10:41:05,189:INFO:Importing libraries
2025-05-06 10:41:05,189:INFO:Copying data for preprocessing
2025-05-06 10:41:05,197:INFO:Declaring preprocessing parameters
2025-05-06 10:41:05,197:INFO:Creating preprocessing pipeline
2025-05-06 10:41:05,246:INFO:Preprocessing pipeline created successfully
2025-05-06 10:41:05,246:ERROR:(Process Exit): setup has been interupted with user command 'quit'. setup must rerun.
2025-05-06 10:41:05,246:INFO:Creating global containers
2025-05-06 10:41:05,246:INFO:Internal pipeline: Pipeline(memory=None, steps=[('empty_step', 'passthrough')], verbose=False)
2025-05-06 10:41:17,399:WARNING:Couldn't import catboost.CatBoostRegressor
2025-05-06 10:41:17,459:WARNING:Couldn't import catboost.CatBoostRegressor
2025-05-06 10:41:17,459:INFO:Creating grid variables
2025-05-06 10:41:17,474:INFO:create_model_container: 0
2025-05-06 10:41:17,474:INFO:master_model_container: 0
2025-05-06 10:41:17,474:INFO:display_container: 1
2025-05-06 10:41:17,475:INFO:Pipeline(memory=None,
         steps=[('dtypes',
                 DataTypes_Auto_infer(categorical_features=[],
                                      display_types=True, features_todrop=[],
                                      id_columns=['Id'],
                                      ml_usecase='regression',
                                      numerical_features=[], target='SalePrice',
                                      time_features=[]))],
         verbose=False)
2025-05-06 10:41:17,475:INFO:setup() succesfully completed......................................
2025-05-06 10:42:43,611:INFO:PyCaret Supervised Module
2025-05-06 10:42:43,611:INFO:ML Usecase: regression
2025-05-06 10:42:43,612:INFO:version 2.3.10
2025-05-06 10:42:43,612:INFO:Initializing setup()
2025-05-06 10:42:43,612:INFO:setup(display=None, profile_kwargs=None, profile=False, verbose=True, silent=False, log_data=False, log_profile=False, log_plots=False, experiment_custom_tags=None, experiment_name=None, log_experiment=False, session_id=772, html=True, custom_pipeline=None, use_gpu=False, n_jobs=-1, fold_groups=None, fold_shuffle=False, fold=13, fold_strategy=kfold, data_split_stratify=False, data_split_shuffle=True, transform_target_method=box-cox, transform_target=False, fix_imbalance_method=None, fix_imbalance=False, interaction_threshold=0.01, feature_ratio=False, feature_interaction=False, feature_selection_method=classic, feature_selection_threshold=0.8, feature_selection=False, group_names=None, group_features=None, polynomial_threshold=0.1, trigonometry_features=False, polynomial_degree=2, polynomial_features=False, cluster_iter=20, create_clusters=False, remove_perfect_collinearity=True, multicollinearity_threshold=0.9, remove_multicollinearity=False, outliers_threshold=0.05, remove_outliers=False, bin_numeric_features=None, rare_level_threshold=0.1, combine_rare_levels=False, ignore_low_variance=False, pca_components=None, pca_method=linear, pca=False, unknown_categorical_method=least_frequent, handle_unknown_categorical=True, transformation_method=yeo-johnson, transformation=False, normalize_method=minmax, normalize=False, ignore_features=None, date_features=None, numeric_iterative_imputer=lightgbm, numeric_imputation=mean, numeric_features=None, high_cardinality_method=frequency, high_cardinality_features=None, ordinal_features=None, categorical_iterative_imputer=lightgbm, categorical_imputation=constant, categorical_features=None, iterative_imputation_iters=5, imputation_type=simple, preprocess=False, test_data=None, train_size=0.9, available_plots={'parameter': 'Hyperparameters', 'residuals': 'Residuals', 'error': 'Prediction Error', 'cooks': 'Cooks Distance', 'rfe': 'Feature Selection', 'learning': 'Learning Curve', 'manifold': 'Manifold Learning', 'vc': 'Validation Curve', 'feature': 'Feature Importance', 'feature_all': 'Feature Importance (All)', 'tree': 'Decision Tree', 'residuals_interactive': 'Interactive Residuals'}, ml_usecase=regression, target=SalePrice)
2025-05-06 10:42:43,612:INFO:Checking environment
2025-05-06 10:42:43,612:INFO:python_version: 3.6.13
2025-05-06 10:42:43,612:INFO:python_build: ('default', 'Mar 16 2021 11:37:27')
2025-05-06 10:42:43,612:INFO:machine: AMD64
2025-05-06 10:42:43,612:INFO:platform: Windows-10-10.0.26100-SP0
2025-05-06 10:42:43,613:WARNING:cannot find psutil installation. memory not traceable. Install psutil using pip to enable memory logging.
2025-05-06 10:42:43,613:INFO:Checking libraries
2025-05-06 10:42:43,613:INFO:pd==1.1.5
2025-05-06 10:42:43,613:INFO:numpy==1.19.5
2025-05-06 10:42:43,613:INFO:sklearn==0.23.2
2025-05-06 10:42:43,613:INFO:lightgbm==4.3.0
2025-05-06 10:42:43,614:WARNING:catboost not found
2025-05-06 10:42:43,614:INFO:xgboost==1.5.2
2025-05-06 10:42:43,614:INFO:mlflow==1.23.1
2025-05-06 10:42:43,614:INFO:Checking Exceptions
2025-05-06 10:42:43,615:INFO:Declaring global variables
2025-05-06 10:42:43,615:INFO:USI: b930
2025-05-06 10:42:43,615:INFO:pycaret_globals: {'display_container', 'html_param', 'transform_target_method_param', 'imputation_regressor', 'n_jobs_param', 'pycaret_globals', 'prep_pipe', 'transform_target_param', 'y_test', '_all_models', 'master_model_container', 'X_test', '_all_metrics', 'X', 'fold_groups_param_full', 'USI', 'dashboard_logger', 'fold_generator', 'stratify_param', '_internal_pipeline', 'logging_param', 'imputation_classifier', '_all_models_internal', 'fold_shuffle_param', 'fold_groups_param', 'fold_param', '_available_plots', 'experiment__', 'iterative_imputation_iters_param', 'fix_imbalance_param', 'seed', 'target_param', '_ml_usecase', 'y_train', 'gpu_param', 'exp_name_log', 'X_train', '_gpu_n_jobs_param', 'fix_imbalance_method_param', 'create_model_container', 'log_plots_param', 'data_before_preprocess', 'y'}
2025-05-06 10:42:43,615:INFO:Preparing display monitor
2025-05-06 10:42:43,615:INFO:Preparing display monitor
2025-05-06 10:42:43,621:INFO:Importing libraries
2025-05-06 10:42:43,621:INFO:Copying data for preprocessing
2025-05-06 10:42:43,626:INFO:Declaring preprocessing parameters
2025-05-06 10:42:43,628:INFO:Creating preprocessing pipeline
2025-05-06 10:42:43,671:INFO:Preprocessing pipeline created successfully
2025-05-06 10:42:43,671:ERROR:(Process Exit): setup has been interupted with user command 'quit'. setup must rerun.
2025-05-06 10:42:43,671:INFO:Creating global containers
2025-05-06 10:42:43,671:INFO:Internal pipeline: Pipeline(memory=None, steps=[('empty_step', 'passthrough')], verbose=False)
2025-05-06 10:44:13,055:INFO:PyCaret Supervised Module
2025-05-06 10:44:13,055:INFO:ML Usecase: regression
2025-05-06 10:44:13,055:INFO:version 2.3.10
2025-05-06 10:44:13,055:INFO:Initializing setup()
2025-05-06 10:44:13,055:INFO:setup(display=None, profile_kwargs=None, profile=False, verbose=False, silent=True, log_data=False, log_profile=False, log_plots=False, experiment_custom_tags=None, experiment_name=None, log_experiment=False, session_id=139, html=True, custom_pipeline=None, use_gpu=False, n_jobs=-1, fold_groups=None, fold_shuffle=False, fold=13, fold_strategy=kfold, data_split_stratify=False, data_split_shuffle=True, transform_target_method=box-cox, transform_target=False, fix_imbalance_method=None, fix_imbalance=False, interaction_threshold=0.01, feature_ratio=False, feature_interaction=False, feature_selection_method=classic, feature_selection_threshold=0.8, feature_selection=False, group_names=None, group_features=None, polynomial_threshold=0.1, trigonometry_features=False, polynomial_degree=2, polynomial_features=False, cluster_iter=20, create_clusters=False, remove_perfect_collinearity=True, multicollinearity_threshold=0.9, remove_multicollinearity=False, outliers_threshold=0.05, remove_outliers=False, bin_numeric_features=None, rare_level_threshold=0.1, combine_rare_levels=False, ignore_low_variance=False, pca_components=None, pca_method=linear, pca=False, unknown_categorical_method=least_frequent, handle_unknown_categorical=True, transformation_method=yeo-johnson, transformation=False, normalize_method=minmax, normalize=False, ignore_features=None, date_features=None, numeric_iterative_imputer=lightgbm, numeric_imputation=mean, numeric_features=None, high_cardinality_method=frequency, high_cardinality_features=None, ordinal_features=None, categorical_iterative_imputer=lightgbm, categorical_imputation=constant, categorical_features=None, iterative_imputation_iters=5, imputation_type=simple, preprocess=False, test_data=None, train_size=0.9, available_plots={'parameter': 'Hyperparameters', 'residuals': 'Residuals', 'error': 'Prediction Error', 'cooks': 'Cooks Distance', 'rfe': 'Feature Selection', 'learning': 'Learning Curve', 'manifold': 'Manifold Learning', 'vc': 'Validation Curve', 'feature': 'Feature Importance', 'feature_all': 'Feature Importance (All)', 'tree': 'Decision Tree', 'residuals_interactive': 'Interactive Residuals'}, ml_usecase=regression, target=SalePrice)
2025-05-06 10:44:13,055:INFO:Checking environment
2025-05-06 10:44:13,055:INFO:python_version: 3.6.13
2025-05-06 10:44:13,055:INFO:python_build: ('default', 'Mar 16 2021 11:37:27')
2025-05-06 10:44:13,055:INFO:machine: AMD64
2025-05-06 10:44:13,055:INFO:platform: Windows-10-10.0.26100-SP0
2025-05-06 10:44:13,056:WARNING:cannot find psutil installation. memory not traceable. Install psutil using pip to enable memory logging.
2025-05-06 10:44:13,057:INFO:Checking libraries
2025-05-06 10:44:13,057:INFO:pd==1.1.5
2025-05-06 10:44:13,057:INFO:numpy==1.19.5
2025-05-06 10:44:13,057:INFO:sklearn==0.23.2
2025-05-06 10:44:13,057:INFO:lightgbm==4.3.0
2025-05-06 10:44:13,057:WARNING:catboost not found
2025-05-06 10:44:13,057:INFO:xgboost==1.5.2
2025-05-06 10:44:13,057:INFO:mlflow==1.23.1
2025-05-06 10:44:13,057:INFO:Checking Exceptions
2025-05-06 10:44:13,058:INFO:Declaring global variables
2025-05-06 10:44:13,058:INFO:USI: a389
2025-05-06 10:44:13,058:INFO:pycaret_globals: {'display_container', 'html_param', 'transform_target_method_param', 'imputation_regressor', 'n_jobs_param', 'pycaret_globals', 'prep_pipe', 'transform_target_param', 'y_test', '_all_models', 'master_model_container', 'X_test', '_all_metrics', 'X', 'fold_groups_param_full', 'USI', 'dashboard_logger', 'fold_generator', 'stratify_param', '_internal_pipeline', 'logging_param', 'imputation_classifier', '_all_models_internal', 'fold_shuffle_param', 'fold_groups_param', 'fold_param', '_available_plots', 'experiment__', 'iterative_imputation_iters_param', 'fix_imbalance_param', 'seed', 'target_param', '_ml_usecase', 'y_train', 'gpu_param', 'exp_name_log', 'X_train', '_gpu_n_jobs_param', 'fix_imbalance_method_param', 'create_model_container', 'log_plots_param', 'data_before_preprocess', 'y'}
2025-05-06 10:44:13,058:INFO:Preparing display monitor
2025-05-06 10:44:13,058:INFO:Importing libraries
2025-05-06 10:44:13,058:INFO:Copying data for preprocessing
2025-05-06 10:44:13,059:INFO:Declaring preprocessing parameters
2025-05-06 10:44:13,060:INFO:Creating preprocessing pipeline
2025-05-06 10:44:13,103:INFO:Preprocessing pipeline created successfully
2025-05-06 10:44:13,103:ERROR:(Process Exit): setup has been interupted with user command 'quit'. setup must rerun.
2025-05-06 10:44:13,103:INFO:Creating global containers
2025-05-06 10:44:13,103:INFO:Internal pipeline: Pipeline(memory=None, steps=[('empty_step', 'passthrough')], verbose=False)
2025-05-06 10:44:13,668:WARNING:Couldn't import catboost.CatBoostRegressor
2025-05-06 10:44:13,726:WARNING:Couldn't import catboost.CatBoostRegressor
2025-05-06 10:44:13,726:INFO:Creating grid variables
2025-05-06 10:44:13,729:INFO:create_model_container: 0
2025-05-06 10:44:13,729:INFO:master_model_container: 0
2025-05-06 10:44:13,729:INFO:display_container: 1
2025-05-06 10:44:13,729:INFO:Pipeline(memory=None,
         steps=[('dtypes',
                 DataTypes_Auto_infer(categorical_features=[],
                                      display_types=False, features_todrop=[],
                                      id_columns=['Id'],
                                      ml_usecase='regression',
                                      numerical_features=[], target='SalePrice',
                                      time_features=[]))],
         verbose=False)
2025-05-06 10:44:13,729:INFO:setup() succesfully completed......................................
